<?xml version="1.0" encoding="UTF-8" ?>
<testsuite errors="0" failures="0" name="com.eviware.soapui.monitor.AppTest" tests="1" time="0.052">
  <properties>
    <property name="file.encoding.pkg" value="sun.io"></property>
    <property name="maven.compile.debug" value="on"></property>
    <property name="maven.compile.debuglevel" value="lines,vars,source"></property>
    <property name="maven.property.inheritance" value="true"></property>
    <property name="java.home" value="/usr/lib/jvm/java-6-sun-1.6.0.06/jre"></property>
    <property name="maven.distBuildIndicator" value="DIST_BUILD_DIRECTORY"></property>
    <property name="context" value="org.apache.maven.jelly.MavenJellyContext@23e5d1"></property>
    <property name="maven.xdoc.legend" value="true"></property>
    <property name="maven.plugin.unpacked.dir" value="/home/robert/.maven/cache"></property>
    <property name="java.endorsed.dirs" value="/usr/lib/jvm/java-6-sun/lib/endorsed:/home/robert/maven-1.1/lib/endorsed"></property>
    <property name="maven.conf.dir" value="/home/robert/workspace/JettyProxy/conf"></property>
    <property name="org.apache.commons.jelly.ant.Project" value="org.apache.commons.jelly.tags.ant.GrantProject@257f1b"></property>
    <property name="maven.xdoc.includeProjectDocumentation" value="yes"></property>
    <property name="maven.docs.omitXmlDeclaration" value="false"></property>
    <property name="sun.os.patch.level" value="unknown"></property>
    <property name="maven.artifact.gpg.skip" value="true"></property>
    <property name="java.vendor.url" value="http://java.sun.com/"></property>
    <property name="maven.gen.src" value="/home/robert/workspace/JettyProxy/target/generated-src/main/java"></property>
    <property name="maven.build.dir" value="/home/robert/workspace/JettyProxy/target"></property>
    <property name="java.version" value="1.6.0_06"></property>
    <property name="maven.remote.group" value="maven"></property>
    <property name="maven.xdoc.bundle" value="xdocs"></property>
    <property name="java.vendor.url.bug" value="http://java.sun.com/cgi-bin/bugreport.cgi"></property>
    <property name="maven.artifact.gpg.useagent" value="false"></property>
    <property name="maven.xdoc.validate.exclude" value="changes.xml,goals.xml"></property>
    <property name="maven.junit.jvm" value=""></property>
    <property name="user.name" value="robert"></property>
    <property name="sun.io.unicode.encoding" value="UnicodeLittle"></property>
    <property name="maven.junit.printSummary" value="true"></property>
    <property name="sourcesPresent" value="true"></property>
    <property name="sun.jnu.encoding" value="UTF-8"></property>
    <property name="java.runtime.name" value="Java(TM) SE Runtime Environment"></property>
    <property name="maven.xdoc.date.format" value="dd MMMM yyyy"></property>
    <property name="java.specification.name" value="Java Platform API Specification"></property>
    <property name="user.timezone" value=""></property>
    <property name="maven.xdoc.poweredby.title" value="Built by Maven"></property>
    <property name="maven.ssh.executable" value="ssh"></property>
    <property name="path.separator" value=":"></property>
    <property name="maven.xdoc.pomDocuments" value="scm-usage.xml,index.xml,maven-reports.xml,dependencies.xml,issue-tracking.xml,mail-lists.xml,project-info.xml,team-list.xml,development-process.jelly,downloads.jelly"></property>
    <property name="file.encoding" value="UTF-8"></property>
    <property name="maven.antlr.target.dir" value="/home/robert/workspace/JettyProxy/target/antlr"></property>
    <property name="maven.jar.mainclass" value=""></property>
    <property name="systemScope" value="{java.runtime.name=Java(TM) SE Runtime Environment, sun.boot.library.path=/usr/lib/jvm/java-6-sun-1.6.0.06/jre/lib/i386, java.vm.version=10.0-b22, java.vm.vendor=Sun Microsystems Inc., java.vendor.url=http://java.sun.com/, path.separator=:, java.vm.name=Java HotSpot(TM) Server VM, file.encoding.pkg=sun.io, sun.java.launcher=SUN_STANDARD, user.country=US, sun.os.patch.level=unknown, java.vm.specification.name=Java Virtual Machine Specification, user.dir=/home/robert/workspace/JettyProxy, java.runtime.version=1.6.0_06-b02, forehead.conf.file=/home/robert/maven-1.1/bin/forehead.conf, java.awt.graphicsenv=sun.awt.X11GraphicsEnvironment, java.endorsed.dirs=/usr/lib/jvm/java-6-sun/lib/endorsed:/home/robert/maven-1.1/lib/endorsed, os.arch=i386, java.io.tmpdir=/tmp, line.separator=
, java.vm.specification.vendor=Sun Microsystems Inc., os.name=Linux, tools.jar=/usr/lib/jvm/java-6-sun/lib/tools.jar, sun.jnu.encoding=UTF-8, javax.xml.parsers.SAXParserFactory=org.apache.xerces.jaxp.SAXParserFactoryImpl, java.library.path=/usr/lib/jvm/java-6-sun-1.6.0.06/jre/lib/i386/server:/usr/lib/jvm/java-6-sun-1.6.0.06/jre/lib/i386:/usr/lib/jvm/java-6-sun-1.6.0.06/jre/../lib/i386:/usr/java/packages/lib/i386:/lib:/usr/lib, java.specification.name=Java Platform API Specification, java.class.version=50.0, sun.management.compiler=HotSpot Tiered Compilers, os.version=2.6.24-19-generic, user.home=/home/robert, user.timezone=, java.awt.printerjob=sun.print.PSPrinterJob, file.encoding=UTF-8, java.specification.version=1.6, java.class.path=/home/robert/maven-1.1/lib/forehead-1.0-beta-5.jar, user.name=robert, java.vm.specification.version=1.0, java.home=/usr/lib/jvm/java-6-sun-1.6.0.06/jre, sun.arch.data.model=32, user.language=en, java.specification.vendor=Sun Microsystems Inc., java.vm.info=mixed mode, java.version=1.6.0_06, java.ext.dirs=/usr/lib/jvm/java-6-sun-1.6.0.06/jre/lib/ext:/usr/java/packages/lib/ext, sun.boot.class.path=/home/robert/maven-1.1/lib/endorsed/xml-resolver-1.1.jar:/home/robert/maven-1.1/lib/endorsed/xercesImpl-2.8.0.jar:/home/robert/maven-1.1/lib/endorsed/xml-apis-1.3.03.jar:/usr/lib/jvm/java-6-sun-1.6.0.06/jre/lib/resources.jar:/usr/lib/jvm/java-6-sun-1.6.0.06/jre/lib/rt.jar:/usr/lib/jvm/java-6-sun-1.6.0.06/jre/lib/sunrsasign.jar:/usr/lib/jvm/java-6-sun-1.6.0.06/jre/lib/jsse.jar:/usr/lib/jvm/java-6-sun-1.6.0.06/jre/lib/jce.jar:/usr/lib/jvm/java-6-sun-1.6.0.06/jre/lib/charsets.jar:/usr/lib/jvm/java-6-sun-1.6.0.06/jre/classes, javax.xml.parsers.DocumentBuilderFactory=org.apache.xerces.jaxp.DocumentBuilderFactoryImpl, java.vendor=Sun Microsystems Inc., maven.home=/home/robert/maven-1.1, file.separator=/, java.vendor.url.bug=http://java.sun.com/cgi-bin/bugreport.cgi, sun.io.unicode.encoding=UnicodeLittle, sun.cpu.endian=little, sun.desktop=gnome, sun.cpu.isalist=}"></property>
    <property name="maven.junit.dir" value="/home/robert/workspace/JettyProxy"></property>
    <property name="maven.xdoc.poweredby.image" value="mavenlogo_builtby_w.png"></property>
    <property name="maven.compile.nowarn" value="off"></property>
    <property name="maven.test.compile.source" value="1.6"></property>
    <property name="maven.jar.index" value="false"></property>
    <property name="java.io.tmpdir" value="/tmp"></property>
    <property name="user.language" value="en"></property>
    <property name="maven.xdoc.date" value="left"></property>
    <property name="line.separator" value="
"></property>
    <property name="maven.repo.local" value="/home/robert/.maven/repository"></property>
    <property name="maven.xdoc.navigation.file" value="navigation.xml"></property>
    <property name="maven.plugin.user.dir" value="/home/robert/.maven/plugins"></property>
    <property name="maven.artifact.manifest.basedir" value="/plugin-resources/templates"></property>
    <property name="maven.junit.fork" value="no "></property>
    <property name="maven.junit.usefile" value="true"></property>
    <property name="maven.plugin.test.dir" value="src/plugin-test"></property>
    <property name="maven.junit.format" value="brief"></property>
    <property name="maven.compile.optimize" value="off"></property>
    <property name="java.vm.info" value="mixed mode"></property>
    <property name="maven.repo.remote.enabled" value="true"></property>
    <property name="maven.artifact.deploy.timestamps" value="true"></property>
    <property name="sun.desktop" value="gnome"></property>
    <property name="java.vm.specification.name" value="Java Virtual Machine Specification"></property>
    <property name="maven.emacsModeOn" value="false"></property>
    <property name="maven.build.dest" value="/home/robert/workspace/JettyProxy/target/classes"></property>
    <property name="maven.javacc.jjtree.header" value="src/main/javacc/jjtree_header"></property>
    <property name="_testSrcDirs" value="/home/robert/workspace/JettyProxy/src/test/java"></property>
    <property name="maven.jar.manifest.extensions.add" value="false"></property>
    <property name="maven.compile.deprecation" value="off"></property>
    <property name="maven.xdoc.projectInfo" value="scm-usage.xml,dependencies.xml,issue-tracking.xml,mail-lists.xml,project-info.xml,team-list.xml,downloads.jelly"></property>
    <property name="parentScope" value="{maven.session=org.apache.maven.MavenSession@1bbdd48, java.vendor=org.apache.commons.jelly.expression.ConstantExpression@bcb23e[value=Sun Microsystems Inc.], maven.compile.source=org.apache.commons.jelly.expression.ConstantExpression@5a3923[value=1.6], sun.java.launcher=org.apache.commons.jelly.expression.ConstantExpression@15d616e[value=SUN_STANDARD], sun.management.compiler=org.apache.commons.jelly.expression.ConstantExpression@1a7b0bf[value=HotSpot Tiered Compilers], os.name=org.apache.commons.jelly.expression.ConstantExpression@44f787[value=Linux], sun.boot.class.path=org.apache.commons.jelly.expression.ConstantExpression@1d6fbb3[value=/home/robert/maven-1.1/lib/endorsed/xml-resolver-1.1.jar:/home/robert/maven-1.1/lib/endorsed/xercesImpl-2.8.0.jar:/home/robert/maven-1.1/lib/endorsed/xml-apis-1.3.03.jar:/usr/lib/jvm/java-6-sun-1.6.0.06/jre/lib/resources.jar:/usr/lib/jvm/java-6-sun-1.6.0.06/jre/lib/rt.jar:/usr/lib/jvm/java-6-sun-1.6.0.06/jre/lib/sunrsasign.jar:/usr/lib/jvm/java-6-sun-1.6.0.06/jre/lib/jsse.jar:/usr/lib/jvm/java-6-sun-1.6.0.06/jre/lib/jce.jar:/usr/lib/jvm/java-6-sun-1.6.0.06/jre/lib/charsets.jar:/usr/lib/jvm/java-6-sun-1.6.0.06/jre/classes], sun.desktop=org.apache.commons.jelly.expression.ConstantExpression@126d3df[value=gnome], maven.distBuildDirectory=org.apache.commons.jelly.expression.CompositeExpression@2016b0[expressions=[org.apache.commons.jelly.expression.jexl.JexlExpressionFactory$ExpressionSupportLocal@b1a4e2[expression:basedir], org.apache.commons.jelly.expression.ConstantExpression@c00025[value=/target]]], tools.jar=org.apache.commons.jelly.expression.ConstantExpression@149a794[value=/usr/lib/jvm/java-6-sun/lib/tools.jar], java.vm.specification.vendor=org.apache.commons.jelly.expression.ConstantExpression@9903f4[value=Sun Microsystems Inc.], java.runtime.version=org.apache.commons.jelly.expression.ConstantExpression@1d2b9b7[value=1.6.0_06-b02], maven.repo.remote.enabled=org.apache.commons.jelly.expression.ConstantExpression@19ecd80[value=true], systemScope={java.runtime.name=Java(TM) SE Runtime Environment, sun.boot.library.path=/usr/lib/jvm/java-6-sun-1.6.0.06/jre/lib/i386, java.vm.version=10.0-b22, java.vm.vendor=Sun Microsystems Inc., java.vendor.url=http://java.sun.com/, path.separator=:, java.vm.name=Java HotSpot(TM) Server VM, file.encoding.pkg=sun.io, sun.java.launcher=SUN_STANDARD, user.country=US, sun.os.patch.level=unknown, java.vm.specification.name=Java Virtual Machine Specification, user.dir=/home/robert/workspace/JettyProxy, java.runtime.version=1.6.0_06-b02, forehead.conf.file=/home/robert/maven-1.1/bin/forehead.conf, java.awt.graphicsenv=sun.awt.X11GraphicsEnvironment, java.endorsed.dirs=/usr/lib/jvm/java-6-sun/lib/endorsed:/home/robert/maven-1.1/lib/endorsed, os.arch=i386, java.io.tmpdir=/tmp, line.separator=
, java.vm.specification.vendor=Sun Microsystems Inc., os.name=Linux, tools.jar=/usr/lib/jvm/java-6-sun/lib/tools.jar, sun.jnu.encoding=UTF-8, javax.xml.parsers.SAXParserFactory=org.apache.xerces.jaxp.SAXParserFactoryImpl, java.library.path=/usr/lib/jvm/java-6-sun-1.6.0.06/jre/lib/i386/server:/usr/lib/jvm/java-6-sun-1.6.0.06/jre/lib/i386:/usr/lib/jvm/java-6-sun-1.6.0.06/jre/../lib/i386:/usr/java/packages/lib/i386:/lib:/usr/lib, java.specification.name=Java Platform API Specification, java.class.version=50.0, sun.management.compiler=HotSpot Tiered Compilers, os.version=2.6.24-19-generic, user.home=/home/robert, user.timezone=, java.awt.printerjob=sun.print.PSPrinterJob, file.encoding=UTF-8, java.specification.version=1.6, java.class.path=/home/robert/maven-1.1/lib/forehead-1.0-beta-5.jar, user.name=robert, java.vm.specification.version=1.0, java.home=/usr/lib/jvm/java-6-sun-1.6.0.06/jre, sun.arch.data.model=32, user.language=en, java.specification.vendor=Sun Microsystems Inc., java.vm.info=mixed mode, java.version=1.6.0_06, java.ext.dirs=/usr/lib/jvm/java-6-sun-1.6.0.06/jre/lib/ext:/usr/java/packages/lib/ext, sun.boot.class.path=/home/robert/maven-1.1/lib/endorsed/xml-resolver-1.1.jar:/home/robert/maven-1.1/lib/endorsed/xercesImpl-2.8.0.jar:/home/robert/maven-1.1/lib/endorsed/xml-apis-1.3.03.jar:/usr/lib/jvm/java-6-sun-1.6.0.06/jre/lib/resources.jar:/usr/lib/jvm/java-6-sun-1.6.0.06/jre/lib/rt.jar:/usr/lib/jvm/java-6-sun-1.6.0.06/jre/lib/sunrsasign.jar:/usr/lib/jvm/java-6-sun-1.6.0.06/jre/lib/jsse.jar:/usr/lib/jvm/java-6-sun-1.6.0.06/jre/lib/jce.jar:/usr/lib/jvm/java-6-sun-1.6.0.06/jre/lib/charsets.jar:/usr/lib/jvm/java-6-sun-1.6.0.06/jre/classes, javax.xml.parsers.DocumentBuilderFactory=org.apache.xerces.jaxp.DocumentBuilderFactoryImpl, java.vendor=Sun Microsystems Inc., maven.home=/home/robert/maven-1.1, file.separator=/, java.vendor.url.bug=http://java.sun.com/cgi-bin/bugreport.cgi, sun.io.unicode.encoding=UnicodeLittle, sun.cpu.endian=little, sun.desktop=gnome, sun.cpu.isalist=}, user.name=org.apache.commons.jelly.expression.ConstantExpression@c5aa00[value=robert], maven.debugOn=false, maven.compile.debug=org.apache.commons.jelly.expression.ConstantExpression@11c0d60[value=on], maven.repo.local=org.apache.commons.jelly.expression.CompositeExpression@b23d12[expressions=[org.apache.commons.jelly.expression.jexl.JexlExpressionFactory$ExpressionSupportLocal@1c783c5[expression:maven.home.local], org.apache.commons.jelly.expression.ConstantExpression@19c0bd6[value=/repository]]], maven.defaults.loaded=org.apache.commons.jelly.expression.ConstantExpression@1cd280b[value=true], javax.xml.parsers.SAXParserFactory=org.apache.commons.jelly.expression.ConstantExpression@29ac[value=org.apache.xerces.jaxp.SAXParserFactoryImpl], maven.docs.omitXmlDeclaration=org.apache.commons.jelly.expression.ConstantExpression@b0095d[value=false], user.language=org.apache.commons.jelly.expression.ConstantExpression@136d9d8[value=en], sun.boot.library.path=org.apache.commons.jelly.expression.ConstantExpression@1827d1[value=/usr/lib/jvm/java-6-sun-1.6.0.06/jre/lib/i386], maven.build.dest=org.apache.commons.jelly.expression.CompositeExpression@1de45e2[expressions=[org.apache.commons.jelly.expression.jexl.JexlExpressionFactory$ExpressionSupportLocal@1be2893[expression:maven.build.dir], org.apache.commons.jelly.expression.ConstantExpression@159e154[value=/classes]]], maven.xmlOutput=org.apache.commons.jelly.XMLOutput$1@1d87b85[contentHandler=org.dom4j.io.XMLWriter@1958bf9;lexicalHandler=org.dom4j.io.XMLWriter@1958bf9], maven.plugin.user.dir=org.apache.commons.jelly.expression.CompositeExpression@118958e[expressions=[org.apache.commons.jelly.expression.jexl.JexlExpressionFactory$ExpressionSupportLocal@102b2b6[expression:maven.home.local], org.apache.commons.jelly.expression.ConstantExpression@22d166[value=/plugins]]], java.version=org.apache.commons.jelly.expression.ConstantExpression@1e1962d[value=1.6.0_06], user.timezone=org.apache.commons.jelly.expression.ConstantExpression@14a75bb[value=], sun.arch.data.model=org.apache.commons.jelly.expression.ConstantExpression@17779e3[value=32], java.endorsed.dirs=org.apache.commons.jelly.expression.ConstantExpression@e3570c[value=/usr/lib/jvm/java-6-sun/lib/endorsed:/home/robert/maven-1.1/lib/endorsed], sun.cpu.isalist=org.apache.commons.jelly.expression.ConstantExpression@167e3a5[value=], sun.jnu.encoding=org.apache.commons.jelly.expression.ConstantExpression@1926e90[value=UTF-8], maven.property.inheritance=org.apache.commons.jelly.expression.ConstantExpression@98ce7e[value=true], file.encoding.pkg=org.apache.commons.jelly.expression.ConstantExpression@1cb7a1[value=sun.io], maven.xdoc.date=org.apache.commons.jelly.expression.ConstantExpression@15bc6c8[value=left], file.separator=org.apache.commons.jelly.expression.ConstantExpression@578073[value=/], java.specification.name=org.apache.commons.jelly.expression.ConstantExpression@b20352[value=Java Platform API Specification], maven.src.dir=org.apache.commons.jelly.expression.CompositeExpression@f8395f[expressions=[org.apache.commons.jelly.expression.jexl.JexlExpressionFactory$ExpressionSupportLocal@7e9ce2[expression:basedir], org.apache.commons.jelly.expression.ConstantExpression@6dbdc9[value=/src]]], java.class.version=org.apache.commons.jelly.expression.ConstantExpression@c6eff5[value=50.0], user.country=org.apache.commons.jelly.expression.ConstantExpression@b3f9b8[value=US], java.home=org.apache.commons.jelly.expression.ConstantExpression@1cfb802[value=/usr/lib/jvm/java-6-sun-1.6.0.06/jre], javax.xml.parsers.DocumentBuilderFactory=org.apache.commons.jelly.expression.ConstantExpression@39c8c1[value=org.apache.xerces.jaxp.DocumentBuilderFactoryImpl], forehead.conf.file=org.apache.commons.jelly.expression.ConstantExpression@1ab2b55[value=/home/robert/maven-1.1/bin/forehead.conf], java.vm.info=org.apache.commons.jelly.expression.ConstantExpression@aa0877[value=mixed mode], os.version=org.apache.commons.jelly.expression.ConstantExpression@111ded2[value=2.6.24-19-generic], maven.conf.dir=org.apache.commons.jelly.expression.CompositeExpression@3bc20e[expressions=[org.apache.commons.jelly.expression.jexl.JexlExpressionFactory$ExpressionSupportLocal@1415056[expression:basedir], org.apache.commons.jelly.expression.ConstantExpression@1014e21[value=/conf]]], path.separator=org.apache.commons.jelly.expression.ConstantExpression@b09697[value=:], java.vm.version=org.apache.commons.jelly.expression.ConstantExpression@16eb6bc[value=10.0-b22], maven.build.dir=org.apache.commons.jelly.expression.CompositeExpression@19f03d7[expressions=[org.apache.commons.jelly.expression.jexl.JexlExpressionFactory$ExpressionSupportLocal@b51c29[expression:basedir], org.apache.commons.jelly.expression.ConstantExpression@4bf53e[value=/target]]], maven.ssh.executable=org.apache.commons.jelly.expression.ConstantExpression@d1e7c2[value=ssh], maven.emacsModeOn=false, java.awt.printerjob=org.apache.commons.jelly.expression.ConstantExpression@c68a98[value=sun.print.PSPrinterJob], sun.io.unicode.encoding=org.apache.commons.jelly.expression.ConstantExpression@b51404[value=UnicodeLittle], maven.compile.optimize=org.apache.commons.jelly.expression.ConstantExpression@354749[value=off], user.home=org.apache.commons.jelly.expression.ConstantExpression@1db484d[value=/home/robert], java.specification.vendor=org.apache.commons.jelly.expression.ConstantExpression@167d7fb[value=Sun Microsystems Inc.], maven.final.dir=org.apache.commons.jelly.expression.CompositeExpression@94cb8b[expressions=[org.apache.commons.jelly.expression.jexl.JexlExpressionFactory$ExpressionSupportLocal@bf1d3b[expression:basedir], org.apache.commons.jelly.expression.ConstantExpression@118278a[value=/], org.apache.commons.jelly.expression.jexl.JexlExpressionFactory$ExpressionSupportLocal@cc0e01[expression:maven.final.name]]], maven.build.src=org.apache.commons.jelly.expression.CompositeExpression@ab7165[expressions=[org.apache.commons.jelly.expression.jexl.JexlExpressionFactory$ExpressionSupportLocal@1a1c42f[expression:maven.build.dir], org.apache.commons.jelly.expression.ConstantExpression@1570945[value=/src]]], maven.build=org.apache.commons.jelly.expression.ConstantExpression@121b59a[value=MAVEN_BUILD_NOT_SET], java.library.path=org.apache.commons.jelly.expression.ConstantExpression@19a37a[value=/usr/lib/jvm/java-6-sun-1.6.0.06/jre/lib/i386/server:/usr/lib/jvm/java-6-sun-1.6.0.06/jre/lib/i386:/usr/lib/jvm/java-6-sun-1.6.0.06/jre/../lib/i386:/usr/java/packages/lib/i386:/lib:/usr/lib], java.vendor.url=org.apache.commons.jelly.expression.ConstantExpression@13bdd36[value=http://java.sun.com/], java.vm.vendor=org.apache.commons.jelly.expression.ConstantExpression@1381960[value=Sun Microsystems Inc.], maven.username=org.apache.commons.jelly.expression.ConstantExpression@9fa8f[value=USERNAME_NOT_SET], maven.home=org.apache.commons.jelly.expression.ConstantExpression@120dbf3[value=/home/robert/maven-1.1], java.runtime.name=org.apache.commons.jelly.expression.ConstantExpression@4845aa[value=Java(TM) SE Runtime Environment], java.class.path=org.apache.commons.jelly.expression.ConstantExpression@d5c0f9[value=/home/robert/maven-1.1/lib/forehead-1.0-beta-5.jar], maven.remote.group=org.apache.commons.jelly.expression.ConstantExpression@1701bdc[value=maven], maven.gen.docs=org.apache.commons.jelly.expression.CompositeExpression@1353249[expressions=[org.apache.commons.jelly.expression.jexl.JexlExpressionFactory$ExpressionSupportLocal@1786286[expression:maven.build.dir], org.apache.commons.jelly.expression.ConstantExpression@8c5ea2[value=/generated-xdocs]]], context=org.apache.maven.jelly.MavenJellyContext@198defc, maven.distDirectory=org.apache.commons.jelly.expression.CompositeExpression@1579a30[expressions=[org.apache.commons.jelly.expression.jexl.JexlExpressionFactory$ExpressionSupportLocal@4bfe6b[expression:basedir], org.apache.commons.jelly.expression.ConstantExpression@12c5431[value=/dist]]], maven.docs.dest=org.apache.commons.jelly.expression.CompositeExpression@14b6bed[expressions=[org.apache.commons.jelly.expression.jexl.JexlExpressionFactory$ExpressionSupportLocal@9aba32[expression:maven.build.dir], org.apache.commons.jelly.expression.ConstantExpression@366573[value=/docs]]], java.vm.specification.name=org.apache.commons.jelly.expression.ConstantExpression@13e75a5[value=Java Virtual Machine Specification], maven.compile.deprecation=org.apache.commons.jelly.expression.ConstantExpression@19da967[value=off], maven.docs.outputencoding=org.apache.commons.jelly.expression.ConstantExpression@1dcc2a3[value=ISO-8859-1], java.vm.specification.version=org.apache.commons.jelly.expression.ConstantExpression@6e8f94[value=1.0], sun.cpu.endian=org.apache.commons.jelly.expression.ConstantExpression@943dc4[value=little], sun.os.patch.level=org.apache.commons.jelly.expression.ConstantExpression@633d51[value=unknown], maven.plugin.unpacked.dir=org.apache.commons.jelly.expression.CompositeExpression@14eaec9[expressions=[org.apache.commons.jelly.expression.jexl.JexlExpressionFactory$ExpressionSupportLocal@b533b8[expression:maven.home.local], org.apache.commons.jelly.expression.ConstantExpression@569c60[value=/cache]]], java.io.tmpdir=org.apache.commons.jelly.expression.ConstantExpression@3468f4[value=/tmp], maven.scp.executable=org.apache.commons.jelly.expression.ConstantExpression@d67067[value=scp], java.vendor.url.bug=org.apache.commons.jelly.expression.ConstantExpression@6db724[value=http://java.sun.com/cgi-bin/bugreport.cgi], maven.final.name=org.apache.commons.jelly.expression.CompositeExpression@112da40[expressions=[org.apache.commons.jelly.expression.jexl.JexlExpressionFactory$ExpressionSupportLocal@b6d6ab[expression:pom.artifactId], org.apache.commons.jelly.expression.ConstantExpression@1c7865b[value=-], org.apache.commons.jelly.expression.jexl.JexlExpressionFactory$ExpressionSupportLocal@45c97b[expression:pom.currentVersion]]], maven.distBuildIndicator=org.apache.commons.jelly.expression.ConstantExpression@1aecc3a[value=DIST_BUILD_DIRECTORY], os.arch=org.apache.commons.jelly.expression.ConstantExpression@e22f2b[value=i386], java.awt.graphicsenv=org.apache.commons.jelly.expression.ConstantExpression@186dda3[value=sun.awt.X11GraphicsEnvironment], java.ext.dirs=org.apache.commons.jelly.expression.ConstantExpression@1412e75[value=/usr/lib/jvm/java-6-sun-1.6.0.06/jre/lib/ext:/usr/java/packages/lib/ext], user.dir=org.apache.commons.jelly.expression.ConstantExpression@510e39[value=/home/robert/workspace/JettyProxy], maven.docs.src=org.apache.commons.jelly.expression.CompositeExpression@17cf6b6[expressions=[org.apache.commons.jelly.expression.jexl.JexlExpressionFactory$ExpressionSupportLocal@1295fe8[expression:basedir], org.apache.commons.jelly.expression.ConstantExpression@157b46f[value=/src/site/xdoc]]], line.separator=org.apache.commons.jelly.expression.ConstantExpression@1071c84[value=
], java.vm.name=org.apache.commons.jelly.expression.ConstantExpression@1e152f4[value=Java HotSpot(TM) Server VM], basedir=/home/robert/workspace/JettyProxy, maven.plugin.dir=org.apache.commons.jelly.expression.CompositeExpression@d1329[expressions=[org.apache.commons.jelly.expression.jexl.JexlExpressionFactory$ExpressionSupportLocal@650892[expression:maven.home], org.apache.commons.jelly.expression.ConstantExpression@115d06c[value=/plugins]]], file.encoding=org.apache.commons.jelly.expression.ConstantExpression@126a29c[value=UTF-8], maven.application.version=org.apache.commons.jelly.expression.ConstantExpression@17dc1cb[value=1.1], maven.repo.remote=org.apache.commons.jelly.expression.ConstantExpression@13e15f7[value=http://repo1.maven.org/maven], maven.mode.online=org.apache.commons.jelly.expression.ConstantExpression@11410e5[value=true], java.specification.version=org.apache.commons.jelly.expression.ConstantExpression@61373f[value=1.6], maven.home.local=org.apache.commons.jelly.expression.CompositeExpression@7244ca[expressions=[org.apache.commons.jelly.expression.jexl.JexlExpressionFactory$ExpressionSupportLocal@23756[expression:user.home], org.apache.commons.jelly.expression.ConstantExpression@17f11fb[value=/.maven]]]}"></property>
    <property name="maven.test.haltafterfailure" value="false"></property>
    <property name="maven.artifact.manifest.template" value="manifest.vm"></property>
    <property name="maven.plugin.dir" value="/home/robert/maven-1.1/plugins"></property>
    <property name="org.apache.commons.jelly.werkz.Project" value="[Werkz: goals={maven-java-plugin:report=[Goal: name=&quot;maven-java-plugin:report&quot;]; precursor=[[Goal: name=&quot;java:compile&quot;]; precursor=[[Goal: name=&quot;java:prepare-filesystem&quot;]; precursor=[]], [Goal: name=&quot;java:init&quot;]; precursor=[]]]], [Goal: name=&quot;xdoc:init&quot;]; precursor=[[Goal: name=&quot;xdoc:init-i18n&quot;]; precursor=[]]]]]], test=[Goal: name=&quot;test&quot;]; precursor=[[Goal: name=&quot;test:test&quot;]; precursor=[]]]], xdoc:copy-user-resources=[Goal: name=&quot;xdoc:copy-user-resources&quot;]; precursor=[[Goal: name=&quot;xdoc:init&quot;]; precursor=[[Goal: name=&quot;xdoc:init-i18n&quot;]; precursor=[]]]]]], maven-license-plugin:deregister=[Goal: name=&quot;maven-license-plugin:deregister&quot;]; precursor=[]], build:start=[Goal: name=&quot;build:start&quot;]; precursor=[]], plugin:repository-deploy=[Goal: name=&quot;plugin:repository-deploy&quot;]; precursor=[[Goal: name=&quot;plugin:plugin&quot;]; precursor=[]]]], plugin=[Goal: name=&quot;plugin&quot;]; precursor=[[Goal: name=&quot;plugin:plugin&quot;]; precursor=[]]]], test:match=[Goal: name=&quot;test:match&quot;]; precursor=[[Goal: name=&quot;test:compile&quot;]; precursor=[[Goal: name=&quot;java:compile&quot;]; precursor=[[Goal: name=&quot;java:prepare-filesystem&quot;]; precursor=[]], [Goal: name=&quot;java:init&quot;]; precursor=[]]]], [Goal: name=&quot;java:jar-resources&quot;]; precursor=[]], [Goal: name=&quot;test:prepare-filesystem&quot;]; precursor=[]], [Goal: name=&quot;test:test-resources&quot;]; precursor=[[Goal: name=&quot;test:prepare-filesystem&quot;]; precursor=[]]]]]]]], java:compile=[Goal: name=&quot;java:compile&quot;]; precursor=[[Goal: name=&quot;java:prepare-filesystem&quot;]; precursor=[]], [Goal: name=&quot;java:init&quot;]; precursor=[]]]], pom:install=[Goal: name=&quot;pom:install&quot;]; precursor=[]], test:single=[Goal: name=&quot;test:single&quot;]; precursor=[]], pom=[Goal: name=&quot;pom&quot;]; precursor=[[Goal: name=&quot;pom:validate&quot;]; precursor=[]]]], xdoc:dump-report-settings=[Goal: name=&quot;xdoc:dump-report-settings&quot;]; precursor=[]], plugin:plugin=[Goal: name=&quot;plugin:plugin&quot;]; precursor=[]], jar=[Goal: name=&quot;jar&quot;]; precursor=[[Goal: name=&quot;jar:jar&quot;]; precursor=[[Goal: name=&quot;java:compile&quot;]; precursor=[[Goal: name=&quot;java:prepare-filesystem&quot;]; precursor=[]], [Goal: name=&quot;java:init&quot;]; precursor=[]]]], [Goal: name=&quot;java:jar-resources&quot;]; precursor=[]], [Goal: name=&quot;test:test&quot;]; precursor=[]]]]]], plugin:uninstall-now=[Goal: name=&quot;plugin:uninstall-now&quot;]; precursor=[[Goal: name=&quot;plugin:uninstall&quot;]; precursor=[]]]], test:test-resources=[Goal: name=&quot;test:test-resources&quot;]; precursor=[[Goal: name=&quot;test:prepare-filesystem&quot;]; precursor=[]]]], xdoc:navigation-validate=[Goal: name=&quot;xdoc:navigation-validate&quot;]; precursor=[]], jar:install=[Goal: name=&quot;jar:install&quot;]; precursor=[[Goal: name=&quot;jar:jar&quot;]; precursor=[[Goal: name=&quot;java:compile&quot;]; precursor=[[Goal: name=&quot;java:prepare-filesystem&quot;]; precursor=[]], [Goal: name=&quot;java:init&quot;]; precursor=[]]]], [Goal: name=&quot;java:jar-resources&quot;]; precursor=[]], [Goal: name=&quot;test:test&quot;]; precursor=[]]]]]], maven-java-plugin:register=[Goal: name=&quot;maven-java-plugin:register&quot;]; precursor=[[Goal: name=&quot;java:init&quot;]; precursor=[]]]], maven-license-plugin:register=[Goal: name=&quot;maven-license-plugin:register&quot;]; precursor=[]], plugin:install-now=[Goal: name=&quot;plugin:install-now&quot;]; precursor=[[Goal: name=&quot;plugin:plugin&quot;]; precursor=[]]]], pom:deploy=[Goal: name=&quot;pom:deploy&quot;]; precursor=[]], plugin:generate-navigation=[Goal: name=&quot;plugin:generate-navigation&quot;]; precursor=[]], plugin:repository-install=[Goal: name=&quot;plugin:repository-install&quot;]; precursor=[[Goal: name=&quot;plugin:plugin&quot;]; precursor=[]]]], pom:validate=[Goal: name=&quot;pom:validate&quot;]; precursor=[]], xdoc:validate=[Goal: name=&quot;xdoc:validate&quot;]; precursor=[[Goal: name=&quot;xdoc:navigation-validate&quot;]; precursor=[]]]], xdoc:register-reports=[Goal: name=&quot;xdoc:register-reports&quot;]; precursor=[]], plugin:generate-goals=[Goal: name=&quot;plugin:generate-goals&quot;]; precursor=[]], pom:verify-version=[Goal: name=&quot;pom:verify-version&quot;]; precursor=[]], xdoc:clean=[Goal: name=&quot;xdoc:clean&quot;]; precursor=[]], test:prepare-filesystem=[Goal: name=&quot;test:prepare-filesystem&quot;]; precursor=[]], xdoc:jelly-transform=[Goal: name=&quot;xdoc:jelly-transform&quot;]; precursor=[[Goal: name=&quot;xdoc:init&quot;]; precursor=[[Goal: name=&quot;xdoc:init-i18n&quot;]; precursor=[]]]], [Goal: name=&quot;xdoc:jelly-init&quot;]; precursor=[]], [Goal: name=&quot;xdoc:register-reports&quot;]; precursor=[]]]], plugin:install=[Goal: name=&quot;plugin:install&quot;]; precursor=[[Goal: name=&quot;plugin:plugin&quot;]; precursor=[]]]], jar:deploy-snapshot=[Goal: name=&quot;jar:deploy-snapshot&quot;]; precursor=[[Goal: name=&quot;jar:jar&quot;]; precursor=[[Goal: name=&quot;java:compile&quot;]; precursor=[[Goal: name=&quot;java:prepare-filesystem&quot;]; precursor=[]], [Goal: name=&quot;java:init&quot;]; precursor=[]]]], [Goal: name=&quot;java:jar-resources&quot;]; precursor=[]], [Goal: name=&quot;test:test&quot;]; precursor=[]]]]]], xdoc:sitemap-noinit=[Goal: name=&quot;xdoc:sitemap-noinit&quot;]; precursor=[]], build:end=[Goal: name=&quot;build:end&quot;]; precursor=[]], plugin:generate-properties=[Goal: name=&quot;plugin:generate-properties&quot;]; precursor=[]], jar:snapshot=[Goal: name=&quot;jar:snapshot&quot;]; precursor=[]], xdoc:jelly-init=[Goal: name=&quot;xdoc:jelly-init&quot;]; precursor=[]], xdoc:copy-resources=[Goal: name=&quot;xdoc:copy-resources&quot;]; precursor=[[Goal: name=&quot;xdoc:init&quot;]; precursor=[[Goal: name=&quot;xdoc:init-i18n&quot;]; precursor=[]]]]]], plugin:generate-docs=[Goal: name=&quot;plugin:generate-docs&quot;]; precursor=[]], test:match-test=[Goal: name=&quot;test:match-test&quot;]; precursor=[]], xdoc=[Goal: name=&quot;xdoc&quot;]; precursor=[[Goal: name=&quot;xdoc:generate-from-pom&quot;]; precursor=[[Goal: name=&quot;xdoc:init&quot;]; precursor=[[Goal: name=&quot;xdoc:init-i18n&quot;]; precursor=[]]]], [Goal: name=&quot;xdoc:i18n-validation&quot;]; precursor=[]], [Goal: name=&quot;xdoc:register-reports&quot;]; precursor=[]]]], [Goal: name=&quot;xdoc:transform&quot;]; precursor=[[Goal: name=&quot;xdoc:init&quot;]; precursor=[[Goal: name=&quot;xdoc:init-i18n&quot;]; precursor=[]]]]]]]], plugin:repository-install-snapshot=[Goal: name=&quot;plugin:repository-install-snapshot&quot;]; precursor=[[Goal: name=&quot;plugin:plugin&quot;]; precursor=[]]]], plugin:repository-deploy-snapshot=[Goal: name=&quot;plugin:repository-deploy-snapshot&quot;]; precursor=[[Goal: name=&quot;plugin:plugin&quot;]; precursor=[]]]], javacc:javacc-generate=[Goal: name=&quot;javacc:javacc-generate&quot;]; precursor=[]], antlr:prepare-filesystem=[Goal: name=&quot;antlr:prepare-filesystem&quot;]; precursor=[]], xdoc:copy-user-bundles=[Goal: name=&quot;xdoc:copy-user-bundles&quot;]; precursor=[]], java:jar-resources=[Goal: name=&quot;java:jar-resources&quot;]; precursor=[]], artifact:create-upload-bundle=[Goal: name=&quot;artifact:create-upload-bundle&quot;]; precursor=[]], plugin:generate-tags=[Goal: name=&quot;plugin:generate-tags&quot;]; precursor=[]], pom:deploy-snapshot=[Goal: name=&quot;pom:deploy-snapshot&quot;]; precursor=[]], plugin:test=[Goal: name=&quot;plugin:test&quot;]; precursor=[]], java:jar=[Goal: name=&quot;java:jar&quot;]; precursor=[[Goal: name=&quot;jar:jar&quot;]; precursor=[[Goal: name=&quot;java:compile&quot;]; precursor=[[Goal: name=&quot;java:prepare-filesystem&quot;]; precursor=[]], [Goal: name=&quot;java:init&quot;]; precursor=[]]]], [Goal: name=&quot;java:jar-resources&quot;]; precursor=[]], [Goal: name=&quot;test:test&quot;]; precursor=[]]]]]], xdoc:transform=[Goal: name=&quot;xdoc:transform&quot;]; precursor=[[Goal: name=&quot;xdoc:init&quot;]; precursor=[[Goal: name=&quot;xdoc:init-i18n&quot;]; precursor=[]]]]]], java:init=[Goal: name=&quot;java:init&quot;]; precursor=[]], xdoc:i18n-validation=[Goal: name=&quot;xdoc:i18n-validation&quot;]; precursor=[]], maven-java-plugin:deregister=[Goal: name=&quot;maven-java-plugin:deregister&quot;]; precursor=[]], test:compile=[Goal: name=&quot;test:compile&quot;]; precursor=[[Goal: name=&quot;java:compile&quot;]; precursor=[[Goal: name=&quot;java:prepare-filesystem&quot;]; precursor=[]], [Goal: name=&quot;java:init&quot;]; precursor=[]]]], [Goal: name=&quot;java:jar-resources&quot;]; precursor=[]], [Goal: name=&quot;test:prepare-filesystem&quot;]; precursor=[]], [Goal: name=&quot;test:test-resources&quot;]; precursor=[[Goal: name=&quot;test:prepare-filesystem&quot;]; precursor=[]]]]]], plugin:uninstall=[Goal: name=&quot;plugin:uninstall&quot;]; precursor=[]], javacc=[Goal: name=&quot;javacc&quot;]; precursor=[]], javacc:jjtree-generate=[Goal: name=&quot;javacc:jjtree-generate&quot;]; precursor=[]], license=[Goal: name=&quot;license&quot;]; precursor=[[Goal: name=&quot;license:transfer&quot;]; precursor=[[Goal: name=&quot;xdoc:init&quot;]; precursor=[[Goal: name=&quot;xdoc:init-i18n&quot;]; precursor=[]]]]]]]], pom:install-snapshot=[Goal: name=&quot;pom:install-snapshot&quot;]; precursor=[]], jar:jar=[Goal: name=&quot;jar:jar&quot;]; precursor=[[Goal: name=&quot;java:compile&quot;]; precursor=[[Goal: name=&quot;java:prepare-filesystem&quot;]; precursor=[]], [Goal: name=&quot;java:init&quot;]; precursor=[]]]], [Goal: name=&quot;java:jar-resources&quot;]; precursor=[]], [Goal: name=&quot;test:test&quot;]; precursor=[]]]], test:test=[Goal: name=&quot;test:test&quot;]; precursor=[]], plugin:download=[Goal: name=&quot;plugin:download&quot;]; precursor=[[Goal: name=&quot;plugin:download-artifact&quot;]; precursor=[]]]], xdoc:sitemap=[Goal: name=&quot;xdoc:sitemap&quot;]; precursor=[[Goal: name=&quot;xdoc:init&quot;]; precursor=[[Goal: name=&quot;xdoc:init-i18n&quot;]; precursor=[]]]], [Goal: name=&quot;xdoc:i18n-validation&quot;]; precursor=[]], [Goal: name=&quot;xdoc:register-reports&quot;]; precursor=[]], [Goal: name=&quot;xdoc:sitemap-noinit&quot;]; precursor=[]]]], test:single-test=[Goal: name=&quot;test:single-test&quot;]; precursor=[]], jar:install-snapshot=[Goal: name=&quot;jar:install-snapshot&quot;]; precursor=[[Goal: name=&quot;jar:jar&quot;]; precursor=[[Goal: name=&quot;java:compile&quot;]; precursor=[[Goal: name=&quot;java:prepare-filesystem&quot;]; precursor=[]], [Goal: name=&quot;java:init&quot;]; precursor=[]]]], [Goal: name=&quot;java:jar-resources&quot;]; precursor=[]], [Goal: name=&quot;test:test&quot;]; precursor=[]]]]]], java:prepare-filesystem=[Goal: name=&quot;java:prepare-filesystem&quot;]; precursor=[]], antlr:generate=[Goal: name=&quot;antlr:generate&quot;]; precursor=[[Goal: name=&quot;antlr:prepare-filesystem&quot;]; precursor=[]]]], test:ui=[Goal: name=&quot;test:ui&quot;]; precursor=[[Goal: name=&quot;test:compile&quot;]; precursor=[[Goal: name=&quot;java:compile&quot;]; precursor=[[Goal: name=&quot;java:prepare-filesystem&quot;]; precursor=[]], [Goal: name=&quot;java:init&quot;]; precursor=[]]]], [Goal: name=&quot;java:jar-resources&quot;]; precursor=[]], [Goal: name=&quot;test:prepare-filesystem&quot;]; precursor=[]], [Goal: name=&quot;test:test-resources&quot;]; precursor=[[Goal: name=&quot;test:prepare-filesystem&quot;]; precursor=[]]]]]]]], xdoc:init=[Goal: name=&quot;xdoc:init&quot;]; precursor=[[Goal: name=&quot;xdoc:init-i18n&quot;]; precursor=[]]]], license:transfer=[Goal: name=&quot;license:transfer&quot;]; precursor=[[Goal: name=&quot;xdoc:init&quot;]; precursor=[[Goal: name=&quot;xdoc:init-i18n&quot;]; precursor=[]]]]]], artifact:load=[Goal: name=&quot;artifact:load&quot;]; precursor=[]], xdoc:clean-user-bundles=[Goal: name=&quot;xdoc:clean-user-bundles&quot;]; precursor=[]], maven-license-plugin:report=[Goal: name=&quot;maven-license-plugin:report&quot;]; precursor=[]], pom:contentvalidate=[Goal: name=&quot;pom:contentvalidate&quot;]; precursor=[]], plugin:download-artifact=[Goal: name=&quot;plugin:download-artifact&quot;]; precursor=[]], clean:clean=[Goal: name=&quot;clean:clean&quot;]; precursor=[]], xdoc:performJSL=[Goal: name=&quot;xdoc:performJSL&quot;]; precursor=[]], jar:deploy=[Goal: name=&quot;jar:deploy&quot;]; precursor=[[Goal: name=&quot;jar:jar&quot;]; precursor=[[Goal: name=&quot;java:compile&quot;]; precursor=[[Goal: name=&quot;java:prepare-filesystem&quot;]; precursor=[]], [Goal: name=&quot;java:init&quot;]; precursor=[]]]], [Goal: name=&quot;java:jar-resources&quot;]; precursor=[]], [Goal: name=&quot;test:test&quot;]; precursor=[]]]]]], xdoc:generate-from-pom=[Goal: name=&quot;xdoc:generate-from-pom&quot;]; precursor=[[Goal: name=&quot;xdoc:init&quot;]; precursor=[[Goal: name=&quot;xdoc:init-i18n&quot;]; precursor=[]]]], [Goal: name=&quot;xdoc:i18n-validation&quot;]; precursor=[]], [Goal: name=&quot;xdoc:register-reports&quot;]; precursor=[]]]], xdoc:init-i18n=[Goal: name=&quot;xdoc:init-i18n&quot;]; precursor=[]]};]"></property>
    <property name="java.awt.printerjob" value="sun.print.PSPrinterJob"></property>
    <property name="forehead.conf.file" value="/home/robert/maven-1.1/bin/forehead.conf"></property>
    <property name="maven.final.name" value="JettyProxy-1.0"></property>
    <property name="maven.jar.manifest" value="/home/robert/workspace/JettyProxy/conf/Manifest.mf"></property>
    <property name="maven.compile.log" value="/home/robert/workspace/JettyProxy/target/compile.log"></property>
    <property name="maven.xdoc.skip.uptodate" value="false"></property>
    <property name="maven.xdoc.distributionType" value="jar"></property>
    <property name="maven.jar.final.name" value="JettyProxy-1.0.jar"></property>
    <property name="maven.xdoc.copy.excludes" value="file.gif,folder-closed.gif,folder-open.gif,icon_alert.gif,icon_alertsml.gif,icon_arrowfolder1_sml.gif,icon_arrowfolder2_sml.gif,icon_arrowmembers1_sml.gif,icon_arrowmembers2_sml.gif,icon_arrowusergroups1_sml.gif,icon_arrowusergroups2_sml.gif,icon_confirmsml.gif,icon_help_lrg.gif,icon_infosml.gif,icon_members_sml.gif,icon_sortleft.gif,icon_sortright.gif,icon_usergroups_sml.gif,icon_waste_lrg.gif,icon_waste_sml.gif,none.png,nw_maj.gif,nw_maj_hi.gif,nw_med.gif,nw_med_hi.gif,nw_med_rond.gif,nw_min.gif,nw_min_036.gif,nw_min_hi.gif,poweredby_036.gif,product_logo.gif,se_maj_rond.gif,sw_min.gif,logos/**"></property>
    <property name="maven.scp.executable" value="scp"></property>
    <property name="maven.docs.dest" value="/home/robert/workspace/JettyProxy/target/docs"></property>
    <property name="os.name" value="Linux"></property>
    <property name="java.specification.vendor" value="Sun Microsystems Inc."></property>
    <property name="maven.docs.src" value="/home/robert/workspace/JettyProxy/src/site/xdoc"></property>
    <property name="java.vm.name" value="Java HotSpot(TM) Server VM"></property>
    <property name="maven.compile.failonerror" value="true"></property>
    <property name="java.library.path" value="/usr/lib/jvm/java-6-sun-1.6.0.06/jre/lib/i386/server:/usr/lib/jvm/java-6-sun-1.6.0.06/jre/lib/i386:/usr/lib/jvm/java-6-sun-1.6.0.06/jre/../lib/i386:/usr/java/packages/lib/i386:/lib:/usr/lib"></property>
    <property name="maven.build" value="MAVEN_BUILD_NOT_SET"></property>
    <property name="ant.java.version" value="1.5"></property>
    <property name="maven.jar.compress" value="true"></property>
    <property name="basedir" value="/home/robert/workspace/JettyProxy"></property>
    <property name="java.class.version" value="50.0"></property>
    <property name="dir__" value="/home/robert/workspace/JettyProxy/src/test/javaX"></property>
    <property name="maven.xdoc.poweredby.url" value="http://maven.apache.org/"></property>
    <property name="maven.final.dir" value="/home/robert/workspace/JettyProxy/JettyProxy-1.0"></property>
    <property name="maven.xdoc.developmentProcessUrl" value="http://maven.apache.org/development-process.html"></property>
    <property name="maven.mode.online" value="true"></property>
    <property name="maven.test.dest" value="/home/robert/workspace/JettyProxy/target/test-classes"></property>
    <property name="maven.session.global" value="org.apache.maven.werkz.jelly.JellySession@175ade6"></property>
    <property name="maven.xmlOutput" value="org.apache.commons.jelly.XMLOutput$1@1d87b85[contentHandler=org.dom4j.io.XMLWriter@1958bf9;lexicalHandler=org.dom4j.io.XMLWriter@1958bf9]"></property>
    <property name="maven.test.skip" value="false"></property>
    <property name="maven.src.dir" value="/home/robert/workspace/JettyProxy/src"></property>
    <property name="maven.xdoc.ui.displayByDefault" value="false"></property>
    <property name="sun.boot.library.path" value="/usr/lib/jvm/java-6-sun-1.6.0.06/jre/lib/i386"></property>
    <property name="sun.management.compiler" value="HotSpot Tiered Compilers"></property>
    <property name="java.awt.graphicsenv" value="sun.awt.X11GraphicsEnvironment"></property>
    <property name="maven.junit.envvars" value=""></property>
    <property name="maven.javacc.jjtree.packageName" value=""></property>
    <property name="maven.session" value="org.apache.maven.MavenSession@1bbdd48"></property>
    <property name="maven.xdoc.crumb.separator" value="|"></property>
    <property name="java.vm.specification.version" value="1.0"></property>
    <property name="pom" value="JettyProxy"></property>
    <property name="maven.test.reportsDirectory" value="/home/robert/workspace/JettyProxy/target/test-reports"></property>
    <property name="sun.cpu.isalist" value=""></property>
    <property name="maven.ant.project" value="org.apache.commons.jelly.tags.ant.GrantProject@257f1b"></property>
    <property name="unitTestSourcesPresent" value="true"></property>
    <property name="maven.compile.source" value="1.6"></property>
    <property name="java.ext.dirs" value="/usr/lib/jvm/java-6-sun-1.6.0.06/jre/lib/ext:/usr/java/packages/lib/ext"></property>
    <property name="os.version" value="2.6.24-19-generic"></property>
    <property name="maven.jar.excludes" value="**/package.html"></property>
    <property name="user.home" value="/home/robert"></property>
    <property name="java.vm.vendor" value="Sun Microsystems Inc."></property>
    <property name="javax.xml.parsers.DocumentBuilderFactory" value="org.apache.xerces.jaxp.DocumentBuilderFactoryImpl"></property>
    <property name="maven.xdoc.date.locale" value="en"></property>
    <property name="maven.junit.forkmode" value="perTest"></property>
    <property name="maven.test.excludeXmlApis" value="no"></property>
    <property name="maven.xdoc.theme.url" value=""></property>
    <property name="user.dir" value="/home/robert/workspace/JettyProxy"></property>
    <property name="maven.artifact.manifest.extensions.add" value="false"></property>
    <property name="maven.xdoc.theme" value="theme"></property>
    <property name="maven.build.src" value="/home/robert/workspace/JettyProxy/target/src"></property>
    <property name="maven.xdoc.ui.localeList.max" value="5"></property>
    <property name="maven.default.goal" value="jar"></property>
    <property name="sun.cpu.endian" value="little"></property>
    <property name="maven.distDirectory" value="/home/robert/workspace/JettyProxy/dist"></property>
    <property name="maven.xdoc.locale.supported" value=""></property>
    <property name="project" value="org.apache.commons.jelly.tags.ant.GrantProject@257f1b"></property>
    <property name="maven.defaults.loaded" value="true"></property>
    <property name="maven.username" value="USERNAME_NOT_SET"></property>
    <property name="java.vm.version" value="10.0-b22"></property>
    <property name="java.class.path" value="/home/robert/maven-1.1/lib/forehead-1.0-beta-5.jar"></property>
    <property name="javax.xml.parsers.SAXParserFactory" value="org.apache.xerces.jaxp.SAXParserFactoryImpl"></property>
    <property name="maven.debugOn" value="false"></property>
    <property name="os.arch" value="i386"></property>
    <property name="maven.junit.jvmargs" value=""></property>
    <property name="sun.java.launcher" value="SUN_STANDARD"></property>
    <property name="maven.application.version" value="1.1"></property>
    <property name="maven.repo.remote" value="http://repo1.maven.org/maven"></property>
    <property name="maven.license.licenseFile" value="/home/robert/workspace/JettyProxy/LICENSE.txt"></property>
    <property name="java.vm.specification.vendor" value="Sun Microsystems Inc."></property>
    <property name="maven.javacc.javacc.grammar" value=""></property>
    <property name="file.separator" value="/"></property>
    <property name="maven.gen.docs" value="/home/robert/workspace/JettyProxy/target/generated-xdocs"></property>
    <property name="maven.xdoc.locale.default" value="en"></property>
    <property name="java.runtime.version" value="1.6.0_06-b02"></property>
    <property name="sun.boot.class.path" value="/home/robert/maven-1.1/lib/endorsed/xml-resolver-1.1.jar:/home/robert/maven-1.1/lib/endorsed/xercesImpl-2.8.0.jar:/home/robert/maven-1.1/lib/endorsed/xml-apis-1.3.03.jar:/usr/lib/jvm/java-6-sun-1.6.0.06/jre/lib/resources.jar:/usr/lib/jvm/java-6-sun-1.6.0.06/jre/lib/rt.jar:/usr/lib/jvm/java-6-sun-1.6.0.06/jre/lib/sunrsasign.jar:/usr/lib/jvm/java-6-sun-1.6.0.06/jre/lib/jsse.jar:/usr/lib/jvm/java-6-sun-1.6.0.06/jre/lib/jce.jar:/usr/lib/jvm/java-6-sun-1.6.0.06/jre/lib/charsets.jar:/usr/lib/jvm/java-6-sun-1.6.0.06/jre/classes"></property>
    <property name="maven.xdoc.ui.localeList.asSelect" value="false"></property>
    <property name="maven.home.local" value="/home/robert/.maven"></property>
    <property name="maven.xdoc.bundle.src" value="/home/robert/workspace/JettyProxy/src/site/xdoc"></property>
    <property name="maven.test.classpath" value=""></property>
    <property name="user.country" value="US"></property>
    <property name="maven.home" value="/home/robert/maven-1.1"></property>
    <property name="maven.antlr.src.dir" value="MAVEN_ANTLR_SRC_DIR_NOT_SET"></property>
    <property name="maven.javacc.jjtree.grammar" value=""></property>
    <property name="tools.jar" value="/usr/lib/jvm/java-6-sun/lib/tools.jar"></property>
    <property name="maven.distBuildDirectory" value="/home/robert/workspace/JettyProxy/target"></property>
    <property name="maven.javacc.javacc.packageName" value=""></property>
    <property name="java.vendor" value="Sun Microsystems Inc."></property>
    <property name="maven.docs.outputencoding" value="ISO-8859-1"></property>
    <property name="maven.xdoc.copy.excludes.classic" value="external-classic.png,help_logo.gif,icon_arrowfolderclosed1_sml.gif,icon_arrowwaste1_sml.gif,icon_arrowwaste2_sml.gif,icon_doc_lrg.gif,icon_doc_sml.gif,icon_error_lrg.gif,icon_folder_lrg.gif,icon_folder_sml.gif,icon_help_sml.gif,icon_info_lrg.gif,icon_members_lrg.gif,icon_sortdown.gif,icon_sortup.gif,icon_success_lrg.gif,icon_usergroups_lrg.gif,icon_arrowfolderopen2_sml.gif,icon_warning_lrg.gif,newwindow-classic.png,nw_maj_rond.gif,strich.gif,sw_maj_rond.gif,sw_med_rond.gif"></property>
    <property name="maven.javacc.javacc.header" value="src/main/javacc/javacc_header"></property>
    <property name="java.specification.version" value="1.6"></property>
    <property name="maven.ui.navcol.width" value="20%"></property>
    <property name="sun.arch.data.model" value="32"></property>
  </properties>
  <testcase classname="com.eviware.soapui.monitor.AppTest" name="testApp" time="0.0030"></testcase>
  <system-out><![CDATA[]]></system-out>
  <system-err><![CDATA[]]></system-err>
</testsuite>
